<?xml version="1.0" encoding="UTF-8"?>
<!-- Generated by org.testng.reporters.JUnitXMLReporter -->
<testsuite ignored="0" hostname="APH10044" failures="1" tests="1" name="Open" time="17.521" errors="0" timestamp="2022-11-24T16:16:37 IST">
  <testcase classname="com.petwebsite.Petstore" name="placeOrder" time="17.258">
    <failure type="java.lang.AssertionError" message="login unsuccesful expected [true] but found [false]">
      <![CDATA[java.lang.AssertionError: login unsuccesful expected [true] but found [false]
at com.petwebsite.Petstore.placeOrder(Petstore.java:205)
at java.base/java.util.ArrayList.forEach(ArrayList.java:1511)
... Removed 28 stack frames]]>
    </failure>
  </testcase> <!-- placeOrder -->
</testsuite> <!-- Open -->
